[2019-02-28 06:04:00.715] [exthost] [info] extension host started
[2019-02-28 06:04:00.732] [exthost] [info] ExtensionService#_doActivateExtension vscode.debug-auto-launch {"startup":true,"activationEvent":"*"}
[2019-02-28 06:04:00.732] [exthost] [info] ExtensionService#loadCommonJSModule /snap/code-insiders/76/usr/share/code-insiders/resources/app/extensions/debug-auto-launch/dist/extension
[2019-02-28 06:04:00.734] [exthost] [info] ExtensionService#_doActivateExtension vscode.emmet {"startup":true,"activationEvent":"*"}
[2019-02-28 06:04:00.734] [exthost] [info] ExtensionService#loadCommonJSModule /snap/code-insiders/76/usr/share/code-insiders/resources/app/extensions/emmet/dist/extension
[2019-02-28 06:04:00.745] [exthost] [info] ExtensionService#_doActivateExtension vscode.git {"startup":true,"activationEvent":"*"}
[2019-02-28 06:04:00.745] [exthost] [info] ExtensionService#loadCommonJSModule /snap/code-insiders/76/usr/share/code-insiders/resources/app/extensions/git/dist/main
[2019-02-28 06:04:00.808] [exthost] [info] ExtensionService#_doActivateExtension vscode.merge-conflict {"startup":true,"activationEvent":"*"}
[2019-02-28 06:04:00.808] [exthost] [info] ExtensionService#loadCommonJSModule /snap/code-insiders/76/usr/share/code-insiders/resources/app/extensions/merge-conflict/dist/extension
[2019-02-28 06:04:00.813] [exthost] [info] ExtensionService#_doActivateExtension eamodio.gitlens {"startup":true,"activationEvent":"*"}
[2019-02-28 06:04:00.813] [exthost] [info] ExtensionService#loadCommonJSModule /home/adam/.vscode-insiders/extensions/eamodio.gitlens-9.5.1/dist/extension
[2019-02-28 06:04:00.887] [exthost] [info] ExtensionService#_doActivateExtension ritwickdey.LiveServer {"startup":true,"activationEvent":"*"}
[2019-02-28 06:04:00.887] [exthost] [info] ExtensionService#loadCommonJSModule /home/adam/.vscode-insiders/extensions/ritwickdey.liveserver-5.5.1/out/src/extension
[2019-02-28 06:04:01.134] [exthost] [info] ExtensionService#_doActivateExtension Zignd.html-css-class-completion {"startup":true,"activationEvent":"*"}
[2019-02-28 06:04:01.134] [exthost] [info] ExtensionService#loadCommonJSModule /home/adam/.vscode-insiders/extensions/zignd.html-css-class-completion-1.18.0/out/src/extension
[2019-02-28 06:04:01.326] [exthost] [info] eager extensions activated
[2019-02-28 06:04:01.402] [exthost] [info] ExtensionService#_doActivateExtension vscode.html-language-features {"startup":false,"activationEvent":"onLanguage:html"}
[2019-02-28 06:04:01.402] [exthost] [info] ExtensionService#loadCommonJSModule /snap/code-insiders/76/usr/share/code-insiders/resources/app/extensions/html-language-features/client/dist/htmlMain
[2019-02-28 06:04:01.451] [exthost] [info] ExtensionService#_doActivateExtension ecmel.vscode-html-css {"startup":false,"activationEvent":"onLanguage:html"}
[2019-02-28 06:04:01.451] [exthost] [info] ExtensionService#loadCommonJSModule /home/adam/.vscode-insiders/extensions/ecmel.vscode-html-css-0.2.0/out/src/extension
[2019-02-28 06:04:01.623] [exthost] [info] ExtensionService#_doActivateExtension leizongmin.node-module-intellisense {"startup":false,"activationEvent":"onLanguage:html"}
[2019-02-28 06:04:01.623] [exthost] [info] ExtensionService#loadCommonJSModule /home/adam/.vscode-insiders/extensions/leizongmin.node-module-intellisense-1.5.0/out/src/extension
[2019-02-28 06:04:01.626] [exthost] [info] ExtensionService#_doActivateExtension mohd-akram.vscode-html-format {"startup":false,"activationEvent":"onLanguage:html"}
[2019-02-28 06:04:01.626] [exthost] [info] ExtensionService#loadCommonJSModule /home/adam/.vscode-insiders/extensions/mohd-akram.vscode-html-format-0.0.3/out/extension
[2019-02-28 06:04:33.310] [exthost] [info] extension host started
[2019-02-28 06:04:33.323] [exthost] [info] ExtensionService#_doActivateExtension vscode.debug-auto-launch {"startup":true,"activationEvent":"*"}
[2019-02-28 06:04:33.323] [exthost] [info] ExtensionService#loadCommonJSModule /snap/code-insiders/76/usr/share/code-insiders/resources/app/extensions/debug-auto-launch/dist/extension
[2019-02-28 06:04:33.324] [exthost] [info] ExtensionService#_doActivateExtension vscode.emmet {"startup":true,"activationEvent":"*"}
[2019-02-28 06:04:33.324] [exthost] [info] ExtensionService#loadCommonJSModule /snap/code-insiders/76/usr/share/code-insiders/resources/app/extensions/emmet/dist/extension
[2019-02-28 06:04:33.334] [exthost] [info] ExtensionService#_doActivateExtension vscode.git {"startup":true,"activationEvent":"*"}
[2019-02-28 06:04:33.334] [exthost] [info] ExtensionService#loadCommonJSModule /snap/code-insiders/76/usr/share/code-insiders/resources/app/extensions/git/dist/main
[2019-02-28 06:04:33.393] [exthost] [info] ExtensionService#_doActivateExtension vscode.merge-conflict {"startup":true,"activationEvent":"*"}
[2019-02-28 06:04:33.393] [exthost] [info] ExtensionService#loadCommonJSModule /snap/code-insiders/76/usr/share/code-insiders/resources/app/extensions/merge-conflict/dist/extension
[2019-02-28 06:04:33.398] [exthost] [info] ExtensionService#_doActivateExtension eamodio.gitlens {"startup":true,"activationEvent":"*"}
[2019-02-28 06:04:33.398] [exthost] [info] ExtensionService#loadCommonJSModule /home/adam/.vscode-insiders/extensions/eamodio.gitlens-9.5.1/dist/extension
[2019-02-28 06:04:33.469] [exthost] [info] ExtensionService#_doActivateExtension ritwickdey.LiveServer {"startup":true,"activationEvent":"*"}
[2019-02-28 06:04:33.469] [exthost] [info] ExtensionService#loadCommonJSModule /home/adam/.vscode-insiders/extensions/ritwickdey.liveserver-5.5.1/out/src/extension
[2019-02-28 06:04:33.627] [exthost] [info] ExtensionService#_doActivateExtension Zignd.html-css-class-completion {"startup":true,"activationEvent":"*"}
[2019-02-28 06:04:33.627] [exthost] [info] ExtensionService#loadCommonJSModule /home/adam/.vscode-insiders/extensions/zignd.html-css-class-completion-1.18.0/out/src/extension
[2019-02-28 06:04:33.792] [exthost] [info] ExtensionService#_doActivateExtension ms-vscode.cpptools {"startup":true,"activationEvent":"workspaceContains:/.vscode/c_cpp_properties.json"}
[2019-02-28 06:04:33.792] [exthost] [info] ExtensionService#loadCommonJSModule /home/adam/.vscode-insiders/extensions/ms-vscode.cpptools-0.22.0-insiders/out/src/main
[2019-02-28 06:04:33.981] [exthost] [info] eager extensions activated
[2019-02-28 06:04:48.098] [exthost] [info] ExtensionService#_doActivateExtension vscode.debug-server-ready {"startup":false,"activationEvent":"onDebugResolve"}
[2019-02-28 06:04:48.098] [exthost] [info] ExtensionService#loadCommonJSModule /snap/code-insiders/76/usr/share/code-insiders/resources/app/extensions/debug-server-ready/dist/extension
[2019-02-28 06:12:42.729] [exthost] [info] ExtensionService#_doActivateExtension vscode.configuration-editing {"startup":false,"activationEvent":"onLanguage:jsonc"}
[2019-02-28 06:12:42.729] [exthost] [info] ExtensionService#loadCommonJSModule /snap/code-insiders/76/usr/share/code-insiders/resources/app/extensions/configuration-editing/dist/extension
[2019-02-28 06:12:42.734] [exthost] [info] ExtensionService#_doActivateExtension vscode.json-language-features {"startup":false,"activationEvent":"onLanguage:jsonc"}
[2019-02-28 06:12:42.734] [exthost] [info] ExtensionService#loadCommonJSModule /snap/code-insiders/76/usr/share/code-insiders/resources/app/extensions/json-language-features/client/dist/jsonMain
[2019-02-28 06:12:42.795] [exthost] [info] ExtensionService#_doActivateExtension vscode.typescript-language-features {"startup":false,"activationEvent":"onLanguage:jsonc"}
[2019-02-28 06:12:42.795] [exthost] [info] ExtensionService#loadCommonJSModule /snap/code-insiders/76/usr/share/code-insiders/resources/app/extensions/typescript-language-features/dist/extension
