Looking for git in: git
Using git 2.17.1 from git
> git rev-parse --show-toplevel
> git config --get commit.template
Open repository: /home/adam/git/file_carving
> git status -z -u
> git symbolic-ref --short HEAD
> git rev-parse CPP_implementation
> git rev-parse --symbolic-full-name CPP_implementation@{u}
> git rev-list --left-right CPP_implementation...refs/remotes/origin/CPP_implementation
> git for-each-ref --format %(refname) %(objectname) --sort -committerdate
> git remote --verbose
> git check-ignore -z --stdin
> git show :main.cpp
> git status -z -u
> git symbolic-ref --short HEAD
> git rev-parse CPP_implementation
> git rev-parse --symbolic-full-name CPP_implementation@{u}
> git rev-list --left-right CPP_implementation...refs/remotes/origin/CPP_implementation
> git for-each-ref --format %(refname) %(objectname) --sort -committerdate
> git remote --verbose
> git status -z -u
> git symbolic-ref --short HEAD
> git rev-parse CPP_implementation
> git rev-parse --symbolic-full-name CPP_implementation@{u}
> git rev-list --left-right CPP_implementation...refs/remotes/origin/CPP_implementation
> git for-each-ref --format %(refname) %(objectname) --sort -committerdate
> git remote --verbose
> git status -z -u
> git symbolic-ref --short HEAD
> git rev-parse CPP_implementation
> git rev-parse --symbolic-full-name CPP_implementation@{u}
> git rev-list --left-right CPP_implementation...refs/remotes/origin/CPP_implementation
> git for-each-ref --format %(refname) %(objectname) --sort -committerdate
> git remote --verbose
> git status -z -u
> git symbolic-ref --short HEAD
> git rev-parse CPP_implementation
> git rev-parse --symbolic-full-name CPP_implementation@{u}
> git rev-list --left-right CPP_implementation...refs/remotes/origin/CPP_implementation
> git for-each-ref --format %(refname) %(objectname) --sort -committerdate
> git remote --verbose
> git status -z -u
> git symbolic-ref --short HEAD
> git rev-parse CPP_implementation
> git rev-parse --symbolic-full-name CPP_implementation@{u}
> git rev-list --left-right CPP_implementation...refs/remotes/origin/CPP_implementation
> git for-each-ref --format %(refname) %(objectname) --sort -committerdate
> git remote --verbose
> git status -z -u
> git symbolic-ref --short HEAD
> git rev-parse CPP_implementation
> git rev-parse --symbolic-full-name CPP_implementation@{u}
> git rev-list --left-right CPP_implementation...refs/remotes/origin/CPP_implementation
> git for-each-ref --format %(refname) %(objectname) --sort -committerdate
> git remote --verbose
> git status -z -u
> git symbolic-ref --short HEAD
> git rev-parse CPP_implementation
> git rev-parse --symbolic-full-name CPP_implementation@{u}
> git rev-list --left-right CPP_implementation...refs/remotes/origin/CPP_implementation
> git for-each-ref --format %(refname) %(objectname) --sort -committerdate
> git remote --verbose
> git status -z -u
> git symbolic-ref --short HEAD
> git rev-parse CPP_implementation
> git rev-parse --symbolic-full-name CPP_implementation@{u}
> git rev-list --left-right CPP_implementation...refs/remotes/origin/CPP_implementation
> git for-each-ref --format %(refname) %(objectname) --sort -committerdate
> git remote --verbose
> git status -z -u
> git symbolic-ref --short HEAD
> git rev-parse CPP_implementation
> git rev-parse --symbolic-full-name CPP_implementation@{u}
> git rev-list --left-right CPP_implementation...refs/remotes/origin/CPP_implementation
> git for-each-ref --format %(refname) %(objectname) --sort -committerdate
> git remote --verbose
> git status -z -u
> git symbolic-ref --short HEAD
> git rev-parse CPP_implementation
> git rev-parse --symbolic-full-name CPP_implementation@{u}
> git rev-list --left-right CPP_implementation...refs/remotes/origin/CPP_implementation
> git for-each-ref --format %(refname) %(objectname) --sort -committerdate
> git remote --verbose
> git status -z -u
> git symbolic-ref --short HEAD
> git rev-parse CPP_implementation
> git rev-parse --symbolic-full-name CPP_implementation@{u}
> git rev-list --left-right CPP_implementation...refs/remotes/origin/CPP_implementation
> git for-each-ref --format %(refname) %(objectname) --sort -committerdate
> git remote --verbose
> git status -z -u
> git symbolic-ref --short HEAD
> git rev-parse CPP_implementation
> git rev-parse --symbolic-full-name CPP_implementation@{u}
> git rev-list --left-right CPP_implementation...refs/remotes/origin/CPP_implementation
> git for-each-ref --format %(refname) %(objectname) --sort -committerdate
> git remote --verbose
> git status -z -u
> git symbolic-ref --short HEAD
> git rev-parse CPP_implementation
> git rev-parse --symbolic-full-name CPP_implementation@{u}
> git rev-list --left-right CPP_implementation...refs/remotes/origin/CPP_implementation
> git for-each-ref --format %(refname) %(objectname) --sort -committerdate
> git remote --verbose
> git status -z -u
> git symbolic-ref --short HEAD
> git rev-parse CPP_implementation
> git rev-parse --symbolic-full-name CPP_implementation@{u}
> git rev-list --left-right CPP_implementation...refs/remotes/origin/CPP_implementation
> git for-each-ref --format %(refname) %(objectname) --sort -committerdate
> git remote --verbose
> git status -z -u
> git symbolic-ref --short HEAD
> git rev-parse CPP_implementation
> git rev-parse --symbolic-full-name CPP_implementation@{u}
> git rev-list --left-right CPP_implementation...refs/remotes/origin/CPP_implementation
> git for-each-ref --format %(refname) %(objectname) --sort -committerdate
> git remote --verbose
> git status -z -u
> git symbolic-ref --short HEAD
> git rev-parse CPP_implementation
> git rev-parse --symbolic-full-name CPP_implementation@{u}
> git rev-list --left-right CPP_implementation...refs/remotes/origin/CPP_implementation
> git for-each-ref --format %(refname) %(objectname) --sort -committerdate
> git remote --verbose
> git status -z -u
> git symbolic-ref --short HEAD
> git rev-parse CPP_implementation
> git rev-parse --symbolic-full-name CPP_implementation@{u}
> git rev-list --left-right CPP_implementation...refs/remotes/origin/CPP_implementation
> git for-each-ref --format %(refname) %(objectname) --sort -committerdate
> git remote --verbose
> git status -z -u
> git symbolic-ref --short HEAD
> git rev-parse CPP_implementation
> git rev-parse --symbolic-full-name CPP_implementation@{u}
> git rev-list --left-right CPP_implementation...refs/remotes/origin/CPP_implementation
> git for-each-ref --format %(refname) %(objectname) --sort -committerdate
> git remote --verbose
> git status -z -u
> git symbolic-ref --short HEAD
> git rev-parse CPP_implementation
> git rev-parse --symbolic-full-name CPP_implementation@{u}
> git rev-list --left-right CPP_implementation...refs/remotes/origin/CPP_implementation
> git for-each-ref --format %(refname) %(objectname) --sort -committerdate
> git remote --verbose
> git status -z -u
> git symbolic-ref --short HEAD
> git rev-parse CPP_implementation
> git rev-parse --symbolic-full-name CPP_implementation@{u}
> git rev-list --left-right CPP_implementation...refs/remotes/origin/CPP_implementation
> git for-each-ref --format %(refname) %(objectname) --sort -committerdate
> git remote --verbose
> git status -z -u
> git symbolic-ref --short HEAD
> git rev-parse CPP_implementation
> git rev-parse --symbolic-full-name CPP_implementation@{u}
> git rev-list --left-right CPP_implementation...refs/remotes/origin/CPP_implementation
> git for-each-ref --format %(refname) %(objectname) --sort -committerdate
> git remote --verbose
> git status -z -u
> git symbolic-ref --short HEAD
> git rev-parse CPP_implementation
> git rev-parse --symbolic-full-name CPP_implementation@{u}
> git rev-list --left-right CPP_implementation...refs/remotes/origin/CPP_implementation
> git for-each-ref --format %(refname) %(objectname) --sort -committerdate
> git remote --verbose
> git rev-parse --show-toplevel
fatal: not a git repository (or any of the parent directories): .git
> git status -z -u
> git symbolic-ref --short HEAD
> git rev-parse CPP_implementation
> git rev-parse --symbolic-full-name CPP_implementation@{u}
> git rev-list --left-right CPP_implementation...refs/remotes/origin/CPP_implementation
> git for-each-ref --format %(refname) %(objectname) --sort -committerdate
> git remote --verbose
> git status -z -u
> git symbolic-ref --short HEAD
> git rev-parse CPP_implementation
> git rev-parse --symbolic-full-name CPP_implementation@{u}
> git rev-list --left-right CPP_implementation...refs/remotes/origin/CPP_implementation
> git for-each-ref --format %(refname) %(objectname) --sort -committerdate
> git remote --verbose
> git status -z -u
> git symbolic-ref --short HEAD
> git rev-parse CPP_implementation
> git rev-parse --symbolic-full-name CPP_implementation@{u}
> git rev-list --left-right CPP_implementation...refs/remotes/origin/CPP_implementation
> git for-each-ref --format %(refname) %(objectname) --sort -committerdate
> git remote --verbose
> git status -z -u
> git symbolic-ref --short HEAD
> git rev-parse CPP_implementation
> git rev-parse --symbolic-full-name CPP_implementation@{u}
> git rev-list --left-right CPP_implementation...refs/remotes/origin/CPP_implementation
> git for-each-ref --format %(refname) %(objectname) --sort -committerdate
> git remote --verbose
> git status -z -u
> git symbolic-ref --short HEAD
> git rev-parse CPP_implementation
> git rev-parse --symbolic-full-name CPP_implementation@{u}
> git rev-list --left-right CPP_implementation...refs/remotes/origin/CPP_implementation
> git for-each-ref --format %(refname) %(objectname) --sort -committerdate
> git remote --verbose
> git status -z -u
> git symbolic-ref --short HEAD
> git rev-parse CPP_implementation
> git rev-parse --symbolic-full-name CPP_implementation@{u}
> git rev-list --left-right CPP_implementation...refs/remotes/origin/CPP_implementation
> git for-each-ref --format %(refname) %(objectname) --sort -committerdate
> git remote --verbose
> git status -z -u
> git symbolic-ref --short HEAD
> git rev-parse CPP_implementation
> git rev-parse --symbolic-full-name CPP_implementation@{u}
> git rev-list --left-right CPP_implementation...refs/remotes/origin/CPP_implementation
> git for-each-ref --format %(refname) %(objectname) --sort -committerdate
> git remote --verbose
> git status -z -u
> git symbolic-ref --short HEAD
> git rev-parse CPP_implementation
> git rev-parse --symbolic-full-name CPP_implementation@{u}
> git rev-list --left-right CPP_implementation...refs/remotes/origin/CPP_implementation
> git for-each-ref --format %(refname) %(objectname) --sort -committerdate
> git remote --verbose
> git rev-parse --show-toplevel
fatal: not a git repository (or any of the parent directories): .git
> git status -z -u
> git symbolic-ref --short HEAD
> git rev-parse CPP_implementation
> git rev-parse --symbolic-full-name CPP_implementation@{u}
> git rev-list --left-right CPP_implementation...refs/remotes/origin/CPP_implementation
> git for-each-ref --format %(refname) %(objectname) --sort -committerdate
> git remote --verbose
> git rev-parse --show-toplevel
fatal: not a git repository (or any of the parent directories): .git
> git status -z -u
> git symbolic-ref --short HEAD
> git rev-parse CPP_implementation
> git rev-parse --symbolic-full-name CPP_implementation@{u}
> git rev-list --left-right CPP_implementation...refs/remotes/origin/CPP_implementation
> git for-each-ref --format %(refname) %(objectname) --sort -committerdate
> git remote --verbose
> git rev-parse --show-toplevel
fatal: not a git repository (or any of the parent directories): .git
> git rev-parse --show-toplevel
fatal: not a git repository (or any of the parent directories): .git
> git status -z -u
> git symbolic-ref --short HEAD
> git rev-parse CPP_implementation
> git rev-parse --symbolic-full-name CPP_implementation@{u}
> git rev-list --left-right CPP_implementation...refs/remotes/origin/CPP_implementation
> git for-each-ref --format %(refname) %(objectname) --sort -committerdate
> git remote --verbose
> git rev-parse --show-toplevel
fatal: not a git repository (or any of the parent directories): .git
> git status -z -u
> git symbolic-ref --short HEAD
> git rev-parse CPP_implementation
> git rev-parse --symbolic-full-name CPP_implementation@{u}
> git rev-list --left-right CPP_implementation...refs/remotes/origin/CPP_implementation
> git for-each-ref --format %(refname) %(objectname) --sort -committerdate
> git remote --verbose
> git status -z -u
> git symbolic-ref --short HEAD
> git rev-parse CPP_implementation
> git rev-parse --symbolic-full-name CPP_implementation@{u}
> git rev-list --left-right CPP_implementation...refs/remotes/origin/CPP_implementation
> git for-each-ref --format %(refname) %(objectname) --sort -committerdate
> git remote --verbose
> git status -z -u
> git symbolic-ref --short HEAD
> git rev-parse CPP_implementation
> git rev-parse --symbolic-full-name CPP_implementation@{u}
> git rev-list --left-right CPP_implementation...refs/remotes/origin/CPP_implementation
> git for-each-ref --format %(refname) %(objectname) --sort -committerdate
> git remote --verbose
> git status -z -u
> git symbolic-ref --short HEAD
> git rev-parse CPP_implementation
> git rev-parse --symbolic-full-name CPP_implementation@{u}
> git rev-list --left-right CPP_implementation...refs/remotes/origin/CPP_implementation
> git for-each-ref --format %(refname) %(objectname) --sort -committerdate
> git remote --verbose
> git status -z -u
> git symbolic-ref --short HEAD
> git rev-parse CPP_implementation
> git rev-parse --symbolic-full-name CPP_implementation@{u}
> git rev-list --left-right CPP_implementation...refs/remotes/origin/CPP_implementation
> git for-each-ref --format %(refname) %(objectname) --sort -committerdate
> git remote --verbose
> git status -z -u
> git symbolic-ref --short HEAD
> git rev-parse CPP_implementation
> git rev-parse --symbolic-full-name CPP_implementation@{u}
> git rev-list --left-right CPP_implementation...refs/remotes/origin/CPP_implementation
> git for-each-ref --format %(refname) %(objectname) --sort -committerdate
> git remote --verbose
> git status -z -u
> git symbolic-ref --short HEAD
> git rev-parse CPP_implementation
> git rev-parse --symbolic-full-name CPP_implementation@{u}
> git rev-list --left-right CPP_implementation...refs/remotes/origin/CPP_implementation
> git for-each-ref --format %(refname) %(objectname) --sort -committerdate
> git remote --verbose
> git status -z -u
> git symbolic-ref --short HEAD
> git rev-parse CPP_implementation
> git rev-parse --symbolic-full-name CPP_implementation@{u}
> git rev-list --left-right CPP_implementation...refs/remotes/origin/CPP_implementation
> git for-each-ref --format %(refname) %(objectname) --sort -committerdate
> git remote --verbose
> git status -z -u
> git symbolic-ref --short HEAD
> git rev-parse CPP_implementation
> git rev-parse --symbolic-full-name CPP_implementation@{u}
> git rev-list --left-right CPP_implementation...refs/remotes/origin/CPP_implementation
> git for-each-ref --format %(refname) %(objectname) --sort -committerdate
> git remote --verbose
> git status -z -u
> git symbolic-ref --short HEAD
> git rev-parse CPP_implementation
> git rev-parse --symbolic-full-name CPP_implementation@{u}
> git rev-list --left-right CPP_implementation...refs/remotes/origin/CPP_implementation
> git for-each-ref --format %(refname) %(objectname) --sort -committerdate
> git remote --verbose
> git status -z -u
> git symbolic-ref --short HEAD
> git rev-parse CPP_implementation
> git rev-parse --symbolic-full-name CPP_implementation@{u}
> git rev-list --left-right CPP_implementation...refs/remotes/origin/CPP_implementation
> git for-each-ref --format %(refname) %(objectname) --sort -committerdate
> git remote --verbose
> git status -z -u
> git symbolic-ref --short HEAD
> git rev-parse CPP_implementation
> git rev-parse --symbolic-full-name CPP_implementation@{u}
> git rev-list --left-right CPP_implementation...refs/remotes/origin/CPP_implementation
> git for-each-ref --format %(refname) %(objectname) --sort -committerdate
> git remote --verbose
> git status -z -u
> git symbolic-ref --short HEAD
> git rev-parse CPP_implementation
> git rev-parse --symbolic-full-name CPP_implementation@{u}
> git rev-list --left-right CPP_implementation...refs/remotes/origin/CPP_implementation
> git for-each-ref --format %(refname) %(objectname) --sort -committerdate
> git remote --verbose
> git status -z -u
> git symbolic-ref --short HEAD
> git rev-parse CPP_implementation
> git rev-parse --symbolic-full-name CPP_implementation@{u}
> git rev-list --left-right CPP_implementation...refs/remotes/origin/CPP_implementation
> git for-each-ref --format %(refname) %(objectname) --sort -committerdate
> git remote --verbose
> git status -z -u
> git symbolic-ref --short HEAD
> git rev-parse CPP_implementation
> git rev-parse --symbolic-full-name CPP_implementation@{u}
> git rev-list --left-right CPP_implementation...refs/remotes/origin/CPP_implementation
> git for-each-ref --format %(refname) %(objectname) --sort -committerdate
> git remote --verbose
> git status -z -u
> git symbolic-ref --short HEAD
> git rev-parse CPP_implementation
> git rev-parse --symbolic-full-name CPP_implementation@{u}
> git rev-list --left-right CPP_implementation...refs/remotes/origin/CPP_implementation
> git for-each-ref --format %(refname) %(objectname) --sort -committerdate
> git remote --verbose
> git status -z -u
> git symbolic-ref --short HEAD
> git rev-parse CPP_implementation
> git rev-parse --symbolic-full-name CPP_implementation@{u}
> git rev-list --left-right CPP_implementation...refs/remotes/origin/CPP_implementation
> git for-each-ref --format %(refname) %(objectname) --sort -committerdate
> git remote --verbose
> git status -z -u
> git symbolic-ref --short HEAD
> git rev-parse CPP_implementation
> git rev-parse --symbolic-full-name CPP_implementation@{u}
> git rev-list --left-right CPP_implementation...refs/remotes/origin/CPP_implementation
> git for-each-ref --format %(refname) %(objectname) --sort -committerdate
> git remote --verbose
> git status -z -u
> git symbolic-ref --short HEAD
> git rev-parse CPP_implementation
> git rev-parse --symbolic-full-name CPP_implementation@{u}
> git rev-list --left-right CPP_implementation...refs/remotes/origin/CPP_implementation
> git for-each-ref --format %(refname) %(objectname) --sort -committerdate
> git remote --verbose
> git status -z -u
> git symbolic-ref --short HEAD
> git rev-parse CPP_implementation
> git rev-parse --symbolic-full-name CPP_implementation@{u}
> git rev-list --left-right CPP_implementation...refs/remotes/origin/CPP_implementation
> git for-each-ref --format %(refname) %(objectname) --sort -committerdate
> git remote --verbose
> git status -z -u
> git symbolic-ref --short HEAD
> git rev-parse CPP_implementation
> git rev-parse --symbolic-full-name CPP_implementation@{u}
> git rev-list --left-right CPP_implementation...refs/remotes/origin/CPP_implementation
> git for-each-ref --format %(refname) %(objectname) --sort -committerdate
> git remote --verbose
> git status -z -u
> git symbolic-ref --short HEAD
> git rev-parse CPP_implementation
> git rev-parse --symbolic-full-name CPP_implementation@{u}
> git rev-list --left-right CPP_implementation...refs/remotes/origin/CPP_implementation
> git for-each-ref --format %(refname) %(objectname) --sort -committerdate
> git remote --verbose
> git status -z -u
> git symbolic-ref --short HEAD
> git rev-parse CPP_implementation
> git rev-parse --symbolic-full-name CPP_implementation@{u}
> git rev-list --left-right CPP_implementation...refs/remotes/origin/CPP_implementation
> git for-each-ref --format %(refname) %(objectname) --sort -committerdate
> git remote --verbose
> git status -z -u
> git symbolic-ref --short HEAD
> git rev-parse CPP_implementation
> git rev-parse --symbolic-full-name CPP_implementation@{u}
> git rev-list --left-right CPP_implementation...refs/remotes/origin/CPP_implementation
> git for-each-ref --format %(refname) %(objectname) --sort -committerdate
> git remote --verbose
> git status -z -u
> git symbolic-ref --short HEAD
> git rev-parse CPP_implementation
> git rev-parse --symbolic-full-name CPP_implementation@{u}
> git rev-list --left-right CPP_implementation...refs/remotes/origin/CPP_implementation
> git for-each-ref --format %(refname) %(objectname) --sort -committerdate
> git remote --verbose
> git status -z -u
> git symbolic-ref --short HEAD
> git rev-parse CPP_implementation
> git rev-parse --symbolic-full-name CPP_implementation@{u}
> git rev-list --left-right CPP_implementation...refs/remotes/origin/CPP_implementation
> git for-each-ref --format %(refname) %(objectname) --sort -committerdate
> git remote --verbose
> git status -z -u
> git symbolic-ref --short HEAD
> git rev-parse CPP_implementation
> git rev-parse --symbolic-full-name CPP_implementation@{u}
> git rev-list --left-right CPP_implementation...refs/remotes/origin/CPP_implementation
> git for-each-ref --format %(refname) %(objectname) --sort -committerdate
> git remote --verbose
> git status -z -u
> git symbolic-ref --short HEAD
> git rev-parse CPP_implementation
> git rev-parse --symbolic-full-name CPP_implementation@{u}
> git rev-list --left-right CPP_implementation...refs/remotes/origin/CPP_implementation
> git for-each-ref --format %(refname) %(objectname) --sort -committerdate
> git remote --verbose
> git show :main.cpp
> git status -z -u
> git symbolic-ref --short HEAD
> git rev-parse CPP_implementation
> git rev-parse --symbolic-full-name CPP_implementation@{u}
> git rev-list --left-right CPP_implementation...refs/remotes/origin/CPP_implementation
> git for-each-ref --format %(refname) %(objectname) --sort -committerdate
> git remote --verbose
> git status -z -u
> git symbolic-ref --short HEAD
> git rev-parse CPP_implementation
> git rev-parse --symbolic-full-name CPP_implementation@{u}
> git rev-list --left-right CPP_implementation...refs/remotes/origin/CPP_implementation
> git for-each-ref --format %(refname) %(objectname) --sort -committerdate
> git remote --verbose
> git status -z -u
> git symbolic-ref --short HEAD
> git rev-parse CPP_implementation
> git rev-parse --symbolic-full-name CPP_implementation@{u}
> git rev-list --left-right CPP_implementation...refs/remotes/origin/CPP_implementation
> git for-each-ref --format %(refname) %(objectname) --sort -committerdate
> git remote --verbose
> git status -z -u
> git symbolic-ref --short HEAD
> git rev-parse CPP_implementation
> git rev-parse --symbolic-full-name CPP_implementation@{u}
> git rev-list --left-right CPP_implementation...refs/remotes/origin/CPP_implementation
> git for-each-ref --format %(refname) %(objectname) --sort -committerdate
> git remote --verbose
> git status -z -u
> git symbolic-ref --short HEAD
> git rev-parse CPP_implementation
> git rev-parse --symbolic-full-name CPP_implementation@{u}
> git rev-list --left-right CPP_implementation...refs/remotes/origin/CPP_implementation
> git for-each-ref --format %(refname) %(objectname) --sort -committerdate
> git remote --verbose
> git status -z -u
> git symbolic-ref --short HEAD
> git rev-parse CPP_implementation
> git rev-parse --symbolic-full-name CPP_implementation@{u}
> git rev-list --left-right CPP_implementation...refs/remotes/origin/CPP_implementation
> git for-each-ref --format %(refname) %(objectname) --sort -committerdate
> git remote --verbose
> git show :.vscode/launch.json
> git status -z -u
> git symbolic-ref --short HEAD
> git rev-parse CPP_implementation
> git rev-parse --symbolic-full-name CPP_implementation@{u}
> git rev-list --left-right CPP_implementation...refs/remotes/origin/CPP_implementation
> git for-each-ref --format %(refname) %(objectname) --sort -committerdate
> git remote --verbose
> git status -z -u
> git symbolic-ref --short HEAD
> git rev-parse CPP_implementation
> git rev-parse --symbolic-full-name CPP_implementation@{u}
> git rev-list --left-right CPP_implementation...refs/remotes/origin/CPP_implementation
> git for-each-ref --format %(refname) %(objectname) --sort -committerdate
> git remote --verbose
> git status -z -u
> git symbolic-ref --short HEAD
> git rev-parse CPP_implementation
> git rev-parse --symbolic-full-name CPP_implementation@{u}
> git rev-list --left-right CPP_implementation...refs/remotes/origin/CPP_implementation
> git for-each-ref --format %(refname) %(objectname) --sort -committerdate
> git remote --verbose
> git status -z -u
> git symbolic-ref --short HEAD
> git rev-parse CPP_implementation
> git rev-parse --symbolic-full-name CPP_implementation@{u}
> git rev-list --left-right CPP_implementation...refs/remotes/origin/CPP_implementation
> git for-each-ref --format %(refname) %(objectname) --sort -committerdate
> git remote --verbose
> git status -z -u
> git symbolic-ref --short HEAD
> git rev-parse CPP_implementation
> git rev-parse --symbolic-full-name CPP_implementation@{u}
> git rev-list --left-right CPP_implementation...refs/remotes/origin/CPP_implementation
> git for-each-ref --format %(refname) %(objectname) --sort -committerdate
> git remote --verbose
> git status -z -u
> git symbolic-ref --short HEAD
> git rev-parse CPP_implementation
> git rev-parse --symbolic-full-name CPP_implementation@{u}
> git rev-list --left-right CPP_implementation...refs/remotes/origin/CPP_implementation
> git for-each-ref --format %(refname) %(objectname) --sort -committerdate
> git remote --verbose
> git status -z -u
> git symbolic-ref --short HEAD
> git rev-parse CPP_implementation
> git rev-parse --symbolic-full-name CPP_implementation@{u}
> git rev-list --left-right CPP_implementation...refs/remotes/origin/CPP_implementation
> git for-each-ref --format %(refname) %(objectname) --sort -committerdate
> git remote --verbose
> git status -z -u
> git symbolic-ref --short HEAD
> git rev-parse CPP_implementation
> git rev-parse --symbolic-full-name CPP_implementation@{u}
> git rev-list --left-right CPP_implementation...refs/remotes/origin/CPP_implementation
> git for-each-ref --format %(refname) %(objectname) --sort -committerdate
> git remote --verbose
> git show :main.cpp
> git status -z -u
> git symbolic-ref --short HEAD
> git rev-parse CPP_implementation
> git rev-parse --symbolic-full-name CPP_implementation@{u}
> git rev-list --left-right CPP_implementation...refs/remotes/origin/CPP_implementation
> git for-each-ref --format %(refname) %(objectname) --sort -committerdate
> git remote --verbose
> git status -z -u
> git symbolic-ref --short HEAD
> git rev-parse CPP_implementation
> git rev-parse --symbolic-full-name CPP_implementation@{u}
> git rev-list --left-right CPP_implementation...refs/remotes/origin/CPP_implementation
> git for-each-ref --format %(refname) %(objectname) --sort -committerdate
> git remote --verbose
> git status -z -u
> git symbolic-ref --short HEAD
> git rev-parse CPP_implementation
> git rev-parse --symbolic-full-name CPP_implementation@{u}
> git rev-list --left-right CPP_implementation...refs/remotes/origin/CPP_implementation
> git for-each-ref --format %(refname) %(objectname) --sort -committerdate
> git remote --verbose
> git status -z -u
> git symbolic-ref --short HEAD
> git rev-parse CPP_implementation
> git rev-parse --symbolic-full-name CPP_implementation@{u}
> git rev-list --left-right CPP_implementation...refs/remotes/origin/CPP_implementation
> git for-each-ref --format %(refname) %(objectname) --sort -committerdate
> git remote --verbose
> git status -z -u
> git symbolic-ref --short HEAD
> git rev-parse CPP_implementation
> git rev-parse --symbolic-full-name CPP_implementation@{u}
> git rev-list --left-right CPP_implementation...refs/remotes/origin/CPP_implementation
> git for-each-ref --format %(refname) %(objectname) --sort -committerdate
> git remote --verbose
> git status -z -u
> git symbolic-ref --short HEAD
> git rev-parse CPP_implementation
> git rev-parse --symbolic-full-name CPP_implementation@{u}
> git rev-list --left-right CPP_implementation...refs/remotes/origin/CPP_implementation
> git for-each-ref --format %(refname) %(objectname) --sort -committerdate
> git remote --verbose
> git status -z -u
> git symbolic-ref --short HEAD
> git rev-parse CPP_implementation
> git rev-parse --symbolic-full-name CPP_implementation@{u}
> git rev-list --left-right CPP_implementation...refs/remotes/origin/CPP_implementation
> git for-each-ref --format %(refname) %(objectname) --sort -committerdate
> git remote --verbose
> git status -z -u
> git symbolic-ref --short HEAD
> git rev-parse CPP_implementation
> git rev-parse --symbolic-full-name CPP_implementation@{u}
> git rev-list --left-right CPP_implementation...refs/remotes/origin/CPP_implementation
> git for-each-ref --format %(refname) %(objectname) --sort -committerdate
> git remote --verbose
